<?xml version="1.0" encoding="UTF-8"?>
<testsuite xmlns:xsi="http://www.w3.org/2001/XMLSchema-instance" xsi:noNamespaceSchemaLocation="https://maven.apache.org/surefire/maven-surefire-plugin/xsd/surefire-test-report-3.0.xsd" version="3.0" name="fr.pantheonsorbonne.miage.AppTest" time="0.182" tests="31" errors="0" skipped="0" failures="0">
  <properties>
    <property name="java.specification.version" value="17"/>
    <property name="sun.cpu.isalist" value="amd64"/>
    <property name="sun.jnu.encoding" value="Cp1252"/>
    <property name="java.class.path" value="C:\Users\yessi\OneDrive\Bureau\JAVA\PRESIDENT-L3\target\test-classes;C:\Users\yessi\OneDrive\Bureau\JAVA\PRESIDENT-L3\target\classes;C:\Users\yessi\.m2\repository\org\junit\jupiter\junit-jupiter\5.8.1\junit-jupiter-5.8.1.jar;C:\Users\yessi\.m2\repository\org\junit\jupiter\junit-jupiter-api\5.8.1\junit-jupiter-api-5.8.1.jar;C:\Users\yessi\.m2\repository\org\opentest4j\opentest4j\1.2.0\opentest4j-1.2.0.jar;C:\Users\yessi\.m2\repository\org\junit\platform\junit-platform-commons\1.8.1\junit-platform-commons-1.8.1.jar;C:\Users\yessi\.m2\repository\org\apiguardian\apiguardian-api\1.1.2\apiguardian-api-1.1.2.jar;C:\Users\yessi\.m2\repository\org\junit\jupiter\junit-jupiter-params\5.8.1\junit-jupiter-params-5.8.1.jar;C:\Users\yessi\.m2\repository\org\junit\jupiter\junit-jupiter-engine\5.8.1\junit-jupiter-engine-5.8.1.jar;C:\Users\yessi\.m2\repository\org\junit\platform\junit-platform-engine\1.8.1\junit-platform-engine-1.8.1.jar;C:\Users\yessi\.m2\repository\fr\pantheonsorbonne\miage\poo-player\1.0.0-SNAPSHOT\poo-player-1.0.0-SNAPSHOT.jar;C:\Users\yessi\.m2\repository\org\apache\camel\camel-core\3.19.0\camel-core-3.19.0.jar;C:\Users\yessi\.m2\repository\org\apache\camel\camel-core-engine\3.19.0\camel-core-engine-3.19.0.jar;C:\Users\yessi\.m2\repository\org\apache\camel\camel-base-engine\3.19.0\camel-base-engine-3.19.0.jar;C:\Users\yessi\.m2\repository\org\apache\camel\camel-core-reifier\3.19.0\camel-core-reifier-3.19.0.jar;C:\Users\yessi\.m2\repository\org\apache\camel\camel-core-processor\3.19.0\camel-core-processor-3.19.0.jar;C:\Users\yessi\.m2\repository\org\apache\camel\camel-core-languages\3.19.0\camel-core-languages-3.19.0.jar;C:\Users\yessi\.m2\repository\org\apache\camel\camel-core-model\3.19.0\camel-core-model-3.19.0.jar;C:\Users\yessi\.m2\repository\org\apache\camel\camel-bean\3.19.0\camel-bean-3.19.0.jar;C:\Users\yessi\.m2\repository\org\apache\camel\camel-browse\3.19.0\camel-browse-3.19.0.jar;C:\Users\yessi\.m2\repository\org\apache\camel\camel-cluster\3.19.0\camel-cluster-3.19.0.jar;C:\Users\yessi\.m2\repository\org\apache\camel\camel-controlbus\3.19.0\camel-controlbus-3.19.0.jar;C:\Users\yessi\.m2\repository\org\apache\camel\camel-dataformat\3.19.0\camel-dataformat-3.19.0.jar;C:\Users\yessi\.m2\repository\org\apache\camel\camel-dataset\3.19.0\camel-dataset-3.19.0.jar;C:\Users\yessi\.m2\repository\org\apache\camel\camel-direct\3.19.0\camel-direct-3.19.0.jar;C:\Users\yessi\.m2\repository\org\apache\camel\camel-directvm\3.19.0\camel-directvm-3.19.0.jar;C:\Users\yessi\.m2\repository\org\apache\camel\camel-file\3.19.0\camel-file-3.19.0.jar;C:\Users\yessi\.m2\repository\org\apache\camel\camel-health\3.19.0\camel-health-3.19.0.jar;C:\Users\yessi\.m2\repository\org\apache\camel\camel-language\3.19.0\camel-language-3.19.0.jar;C:\Users\yessi\.m2\repository\org\apache\camel\camel-log\3.19.0\camel-log-3.19.0.jar;C:\Users\yessi\.m2\repository\org\apache\camel\camel-mock\3.19.0\camel-mock-3.19.0.jar;C:\Users\yessi\.m2\repository\org\apache\camel\camel-ref\3.19.0\camel-ref-3.19.0.jar;C:\Users\yessi\.m2\repository\org\apache\camel\camel-rest\3.19.0\camel-rest-3.19.0.jar;C:\Users\yessi\.m2\repository\org\apache\camel\camel-tooling-model\3.19.0\camel-tooling-model-3.19.0.jar;C:\Users\yessi\.m2\repository\org\apache\camel\camel-saga\3.19.0\camel-saga-3.19.0.jar;C:\Users\yessi\.m2\repository\org\apache\camel\camel-scheduler\3.19.0\camel-scheduler-3.19.0.jar;C:\Users\yessi\.m2\repository\org\apache\camel\camel-seda\3.19.0\camel-seda-3.19.0.jar;C:\Users\yessi\.m2\repository\org\apache\camel\camel-stub\3.19.0\camel-stub-3.19.0.jar;C:\Users\yessi\.m2\repository\org\apache\camel\camel-validator\3.19.0\camel-validator-3.19.0.jar;C:\Users\yessi\.m2\repository\org\apache\camel\camel-vm\3.19.0\camel-vm-3.19.0.jar;C:\Users\yessi\.m2\repository\org\apache\camel\camel-xpath\3.19.0\camel-xpath-3.19.0.jar;C:\Users\yessi\.m2\repository\org\apache\camel\camel-xslt\3.19.0\camel-xslt-3.19.0.jar;C:\Users\yessi\.m2\repository\org\apache\camel\camel-xml-jaxb\3.19.0\camel-xml-jaxb-3.19.0.jar;C:\Users\yessi\.m2\repository\jakarta\xml\bind\jakarta.xml.bind-api\2.3.3\jakarta.xml.bind-api-2.3.3.jar;C:\Users\yessi\.m2\repository\jakarta\activation\jakarta.activation-api\1.2.2\jakarta.activation-api-1.2.2.jar;C:\Users\yessi\.m2\repository\com\sun\xml\bind\jaxb-core\2.3.0\jaxb-core-2.3.0.jar;C:\Users\yessi\.m2\repository\com\sun\xml\bind\jaxb-impl\2.3.3\jaxb-impl-2.3.3.jar;C:\Users\yessi\.m2\repository\com\sun\activation\jakarta.activation\1.2.2\jakarta.activation-1.2.2.jar;C:\Users\yessi\.m2\repository\org\apache\camel\camel-xml-jaxp\3.19.0\camel-xml-jaxp-3.19.0.jar;C:\Users\yessi\.m2\repository\org\apache\camel\camel-xml-io-util\3.19.0\camel-xml-io-util-3.19.0.jar;C:\Users\yessi\.m2\repository\org\slf4j\slf4j-api\1.7.36\slf4j-api-1.7.36.jar;C:\Users\yessi\.m2\repository\org\apache\camel\camel-main\3.19.0\camel-main-3.19.0.jar;C:\Users\yessi\.m2\repository\org\apache\camel\camel-api\3.19.0\camel-api-3.19.0.jar;C:\Users\yessi\.m2\repository\org\apache\camel\camel-base\3.19.0\camel-base-3.19.0.jar;C:\Users\yessi\.m2\repository\org\apache\camel\camel-management-api\3.19.0\camel-management-api-3.19.0.jar;C:\Users\yessi\.m2\repository\org\apache\camel\camel-support\3.19.0\camel-support-3.19.0.jar;C:\Users\yessi\.m2\repository\org\apache\camel\camel-util\3.19.0\camel-util-3.19.0.jar;C:\Users\yessi\.m2\repository\org\apache\camel\camel-jms\3.19.0\camel-jms-3.19.0.jar;C:\Users\yessi\.m2\repository\org\apache\camel\camel-spring\3.19.0\camel-spring-3.19.0.jar;C:\Users\yessi\.m2\repository\org\springframework\spring-core\5.3.23\spring-core-5.3.23.jar;C:\Users\yessi\.m2\repository\org\springframework\spring-jcl\5.3.23\spring-jcl-5.3.23.jar;C:\Users\yessi\.m2\repository\org\springframework\spring-aop\5.3.23\spring-aop-5.3.23.jar;C:\Users\yessi\.m2\repository\org\springframework\spring-expression\5.3.23\spring-expression-5.3.23.jar;C:\Users\yessi\.m2\repository\org\springframework\spring-jms\5.3.23\spring-jms-5.3.23.jar;C:\Users\yessi\.m2\repository\org\springframework\spring-messaging\5.3.23\spring-messaging-5.3.23.jar;C:\Users\yessi\.m2\repository\org\springframework\spring-context\5.3.23\spring-context-5.3.23.jar;C:\Users\yessi\.m2\repository\org\springframework\spring-tx\5.3.23\spring-tx-5.3.23.jar;C:\Users\yessi\.m2\repository\org\springframework\spring-beans\5.3.23\spring-beans-5.3.23.jar;C:\Users\yessi\.m2\repository\org\apache\geronimo\specs\geronimo-jms_2.0_spec\1.0-alpha-2\geronimo-jms_2.0_spec-1.0-alpha-2.jar;C:\Users\yessi\.m2\repository\org\apache\camel\camel-timer\3.19.0\camel-timer-3.19.0.jar;C:\Users\yessi\.m2\repository\org\apache\activemq\artemis-jms-client\2.26.0\artemis-jms-client-2.26.0.jar;C:\Users\yessi\.m2\repository\org\apache\activemq\artemis-core-client\2.26.0\artemis-core-client-2.26.0.jar;C:\Users\yessi\.m2\repository\org\jgroups\jgroups\5.2.0.Final\jgroups-5.2.0.Final.jar;C:\Users\yessi\.m2\repository\io\netty\netty-transport-native-epoll\4.1.79.Final\netty-transport-native-epoll-4.1.79.Final-linux-x86_64.jar;C:\Users\yessi\.m2\repository\io\netty\netty-transport-native-unix-common\4.1.79.Final\netty-transport-native-unix-common-4.1.79.Final.jar;C:\Users\yessi\.m2\repository\io\netty\netty-transport-classes-epoll\4.1.79.Final\netty-transport-classes-epoll-4.1.79.Final.jar;C:\Users\yessi\.m2\repository\io\netty\netty-transport-native-kqueue\4.1.79.Final\netty-transport-native-kqueue-4.1.79.Final-osx-x86_64.jar;C:\Users\yessi\.m2\repository\io\netty\netty-transport-classes-kqueue\4.1.79.Final\netty-transport-classes-kqueue-4.1.79.Final.jar;C:\Users\yessi\.m2\repository\io\netty\netty-codec-http\4.1.79.Final\netty-codec-http-4.1.79.Final.jar;C:\Users\yessi\.m2\repository\io\netty\netty-buffer\4.1.79.Final\netty-buffer-4.1.79.Final.jar;C:\Users\yessi\.m2\repository\io\netty\netty-transport\4.1.79.Final\netty-transport-4.1.79.Final.jar;C:\Users\yessi\.m2\repository\io\netty\netty-resolver\4.1.79.Final\netty-resolver-4.1.79.Final.jar;C:\Users\yessi\.m2\repository\io\netty\netty-handler\4.1.79.Final\netty-handler-4.1.79.Final.jar;C:\Users\yessi\.m2\repository\io\netty\netty-handler-proxy\4.1.79.Final\netty-handler-proxy-4.1.79.Final.jar;C:\Users\yessi\.m2\repository\io\netty\netty-codec\4.1.79.Final\netty-codec-4.1.79.Final.jar;C:\Users\yessi\.m2\repository\io\netty\netty-codec-socks\4.1.79.Final\netty-codec-socks-4.1.79.Final.jar;C:\Users\yessi\.m2\repository\io\netty\netty-common\4.1.79.Final\netty-common-4.1.79.Final.jar;C:\Users\yessi\.m2\repository\org\apache\activemq\artemis-commons\2.26.0\artemis-commons-2.26.0.jar;C:\Users\yessi\.m2\repository\org\jboss\logging\jboss-logging\3.5.0.Final\jboss-logging-3.5.0.Final.jar;C:\Users\yessi\.m2\repository\commons-beanutils\commons-beanutils\1.9.4\commons-beanutils-1.9.4.jar;C:\Users\yessi\.m2\repository\commons-logging\commons-logging\1.2\commons-logging-1.2.jar;C:\Users\yessi\.m2\repository\commons-collections\commons-collections\3.2.2\commons-collections-3.2.2.jar;C:\Users\yessi\.m2\repository\org\apache\activemq\artemis-selector\2.26.0\artemis-selector-2.26.0.jar;C:\Users\yessi\.m2\repository\jakarta\jms\jakarta.jms-api\2.0.3\jakarta.jms-api-2.0.3.jar;C:\Users\yessi\.m2\repository\org\apache\logging\log4j\log4j-api\2.19.0\log4j-api-2.19.0.jar;C:\Users\yessi\.m2\repository\org\apache\logging\log4j\log4j-core\2.19.0\log4j-core-2.19.0.jar;C:\Users\yessi\.m2\repository\org\apache\logging\log4j\log4j-slf4j-impl\2.19.0\log4j-slf4j-impl-2.19.0.jar;C:\Users\yessi\.m2\repository\org\apache\logging\log4j\log4j-jul\2.19.0\log4j-jul-2.19.0.jar;C:\Users\yessi\.m2\repository\com\google\guava\guava\31.1-jre\guava-31.1-jre.jar;C:\Users\yessi\.m2\repository\com\google\guava\failureaccess\1.0.1\failureaccess-1.0.1.jar;C:\Users\yessi\.m2\repository\com\google\guava\listenablefuture\9999.0-empty-to-avoid-conflict-with-guava\listenablefuture-9999.0-empty-to-avoid-conflict-with-guava.jar;C:\Users\yessi\.m2\repository\com\google\code\findbugs\jsr305\3.0.2\jsr305-3.0.2.jar;C:\Users\yessi\.m2\repository\org\checkerframework\checker-qual\3.12.0\checker-qual-3.12.0.jar;C:\Users\yessi\.m2\repository\com\google\errorprone\error_prone_annotations\2.11.0\error_prone_annotations-2.11.0.jar;C:\Users\yessi\.m2\repository\com\google\j2objc\j2objc-annotations\1.3\j2objc-annotations-1.3.jar;C:\Users\yessi\.m2\repository\com\github\ben-manes\caffeine\caffeine\3.1.1\caffeine-3.1.1.jar;C:\Users\yessi\.m2\repository\org\apache\camel\camel-console\3.19.0\camel-console-3.19.0.jar;C:\Users\yessi\.m2\repository\org\apache\camel\camel-util-json\3.19.0\camel-util-json-3.19.0.jar;C:\Users\yessi\.m2\repository\org\apache\camel\camel-jackson\3.19.0\camel-jackson-3.19.0.jar;C:\Users\yessi\.m2\repository\com\fasterxml\jackson\core\jackson-databind\2.13.4\jackson-databind-2.13.4.jar;C:\Users\yessi\.m2\repository\com\fasterxml\jackson\core\jackson-annotations\2.13.4\jackson-annotations-2.13.4.jar;C:\Users\yessi\.m2\repository\com\fasterxml\jackson\core\jackson-core\2.13.4\jackson-core-2.13.4.jar;"/>
    <property name="java.vm.vendor" value="Oracle Corporation"/>
    <property name="sun.arch.data.model" value="64"/>
    <property name="user.variant" value=""/>
    <property name="java.vendor.url" value="https://java.oracle.com/"/>
    <property name="user.timezone" value="Europe/Paris"/>
    <property name="os.name" value="Windows 11"/>
    <property name="java.vm.specification.version" value="17"/>
    <property name="sun.java.launcher" value="SUN_STANDARD"/>
    <property name="user.country" value="FR"/>
    <property name="sun.boot.library.path" value="C:\Program Files\Java\jdk-17.0.2\bin"/>
    <property name="sun.java.command" value="C:\Users\yessi\AppData\Local\Temp\surefire7003113746906789919\surefirebooter4457275650145157451.jar C:\Users\yessi\AppData\Local\Temp\surefire7003113746906789919 2022-12-09T15-57-32_408-jvmRun1 surefire4951986345459157091tmp surefire_0538904855963594719tmp"/>
    <property name="jdk.debug" value="release"/>
    <property name="surefire.test.class.path" value="C:\Users\yessi\OneDrive\Bureau\JAVA\PRESIDENT-L3\target\test-classes;C:\Users\yessi\OneDrive\Bureau\JAVA\PRESIDENT-L3\target\classes;C:\Users\yessi\.m2\repository\org\junit\jupiter\junit-jupiter\5.8.1\junit-jupiter-5.8.1.jar;C:\Users\yessi\.m2\repository\org\junit\jupiter\junit-jupiter-api\5.8.1\junit-jupiter-api-5.8.1.jar;C:\Users\yessi\.m2\repository\org\opentest4j\opentest4j\1.2.0\opentest4j-1.2.0.jar;C:\Users\yessi\.m2\repository\org\junit\platform\junit-platform-commons\1.8.1\junit-platform-commons-1.8.1.jar;C:\Users\yessi\.m2\repository\org\apiguardian\apiguardian-api\1.1.2\apiguardian-api-1.1.2.jar;C:\Users\yessi\.m2\repository\org\junit\jupiter\junit-jupiter-params\5.8.1\junit-jupiter-params-5.8.1.jar;C:\Users\yessi\.m2\repository\org\junit\jupiter\junit-jupiter-engine\5.8.1\junit-jupiter-engine-5.8.1.jar;C:\Users\yessi\.m2\repository\org\junit\platform\junit-platform-engine\1.8.1\junit-platform-engine-1.8.1.jar;C:\Users\yessi\.m2\repository\fr\pantheonsorbonne\miage\poo-player\1.0.0-SNAPSHOT\poo-player-1.0.0-SNAPSHOT.jar;C:\Users\yessi\.m2\repository\org\apache\camel\camel-core\3.19.0\camel-core-3.19.0.jar;C:\Users\yessi\.m2\repository\org\apache\camel\camel-core-engine\3.19.0\camel-core-engine-3.19.0.jar;C:\Users\yessi\.m2\repository\org\apache\camel\camel-base-engine\3.19.0\camel-base-engine-3.19.0.jar;C:\Users\yessi\.m2\repository\org\apache\camel\camel-core-reifier\3.19.0\camel-core-reifier-3.19.0.jar;C:\Users\yessi\.m2\repository\org\apache\camel\camel-core-processor\3.19.0\camel-core-processor-3.19.0.jar;C:\Users\yessi\.m2\repository\org\apache\camel\camel-core-languages\3.19.0\camel-core-languages-3.19.0.jar;C:\Users\yessi\.m2\repository\org\apache\camel\camel-core-model\3.19.0\camel-core-model-3.19.0.jar;C:\Users\yessi\.m2\repository\org\apache\camel\camel-bean\3.19.0\camel-bean-3.19.0.jar;C:\Users\yessi\.m2\repository\org\apache\camel\camel-browse\3.19.0\camel-browse-3.19.0.jar;C:\Users\yessi\.m2\repository\org\apache\camel\camel-cluster\3.19.0\camel-cluster-3.19.0.jar;C:\Users\yessi\.m2\repository\org\apache\camel\camel-controlbus\3.19.0\camel-controlbus-3.19.0.jar;C:\Users\yessi\.m2\repository\org\apache\camel\camel-dataformat\3.19.0\camel-dataformat-3.19.0.jar;C:\Users\yessi\.m2\repository\org\apache\camel\camel-dataset\3.19.0\camel-dataset-3.19.0.jar;C:\Users\yessi\.m2\repository\org\apache\camel\camel-direct\3.19.0\camel-direct-3.19.0.jar;C:\Users\yessi\.m2\repository\org\apache\camel\camel-directvm\3.19.0\camel-directvm-3.19.0.jar;C:\Users\yessi\.m2\repository\org\apache\camel\camel-file\3.19.0\camel-file-3.19.0.jar;C:\Users\yessi\.m2\repository\org\apache\camel\camel-health\3.19.0\camel-health-3.19.0.jar;C:\Users\yessi\.m2\repository\org\apache\camel\camel-language\3.19.0\camel-language-3.19.0.jar;C:\Users\yessi\.m2\repository\org\apache\camel\camel-log\3.19.0\camel-log-3.19.0.jar;C:\Users\yessi\.m2\repository\org\apache\camel\camel-mock\3.19.0\camel-mock-3.19.0.jar;C:\Users\yessi\.m2\repository\org\apache\camel\camel-ref\3.19.0\camel-ref-3.19.0.jar;C:\Users\yessi\.m2\repository\org\apache\camel\camel-rest\3.19.0\camel-rest-3.19.0.jar;C:\Users\yessi\.m2\repository\org\apache\camel\camel-tooling-model\3.19.0\camel-tooling-model-3.19.0.jar;C:\Users\yessi\.m2\repository\org\apache\camel\camel-saga\3.19.0\camel-saga-3.19.0.jar;C:\Users\yessi\.m2\repository\org\apache\camel\camel-scheduler\3.19.0\camel-scheduler-3.19.0.jar;C:\Users\yessi\.m2\repository\org\apache\camel\camel-seda\3.19.0\camel-seda-3.19.0.jar;C:\Users\yessi\.m2\repository\org\apache\camel\camel-stub\3.19.0\camel-stub-3.19.0.jar;C:\Users\yessi\.m2\repository\org\apache\camel\camel-validator\3.19.0\camel-validator-3.19.0.jar;C:\Users\yessi\.m2\repository\org\apache\camel\camel-vm\3.19.0\camel-vm-3.19.0.jar;C:\Users\yessi\.m2\repository\org\apache\camel\camel-xpath\3.19.0\camel-xpath-3.19.0.jar;C:\Users\yessi\.m2\repository\org\apache\camel\camel-xslt\3.19.0\camel-xslt-3.19.0.jar;C:\Users\yessi\.m2\repository\org\apache\camel\camel-xml-jaxb\3.19.0\camel-xml-jaxb-3.19.0.jar;C:\Users\yessi\.m2\repository\jakarta\xml\bind\jakarta.xml.bind-api\2.3.3\jakarta.xml.bind-api-2.3.3.jar;C:\Users\yessi\.m2\repository\jakarta\activation\jakarta.activation-api\1.2.2\jakarta.activation-api-1.2.2.jar;C:\Users\yessi\.m2\repository\com\sun\xml\bind\jaxb-core\2.3.0\jaxb-core-2.3.0.jar;C:\Users\yessi\.m2\repository\com\sun\xml\bind\jaxb-impl\2.3.3\jaxb-impl-2.3.3.jar;C:\Users\yessi\.m2\repository\com\sun\activation\jakarta.activation\1.2.2\jakarta.activation-1.2.2.jar;C:\Users\yessi\.m2\repository\org\apache\camel\camel-xml-jaxp\3.19.0\camel-xml-jaxp-3.19.0.jar;C:\Users\yessi\.m2\repository\org\apache\camel\camel-xml-io-util\3.19.0\camel-xml-io-util-3.19.0.jar;C:\Users\yessi\.m2\repository\org\slf4j\slf4j-api\1.7.36\slf4j-api-1.7.36.jar;C:\Users\yessi\.m2\repository\org\apache\camel\camel-main\3.19.0\camel-main-3.19.0.jar;C:\Users\yessi\.m2\repository\org\apache\camel\camel-api\3.19.0\camel-api-3.19.0.jar;C:\Users\yessi\.m2\repository\org\apache\camel\camel-base\3.19.0\camel-base-3.19.0.jar;C:\Users\yessi\.m2\repository\org\apache\camel\camel-management-api\3.19.0\camel-management-api-3.19.0.jar;C:\Users\yessi\.m2\repository\org\apache\camel\camel-support\3.19.0\camel-support-3.19.0.jar;C:\Users\yessi\.m2\repository\org\apache\camel\camel-util\3.19.0\camel-util-3.19.0.jar;C:\Users\yessi\.m2\repository\org\apache\camel\camel-jms\3.19.0\camel-jms-3.19.0.jar;C:\Users\yessi\.m2\repository\org\apache\camel\camel-spring\3.19.0\camel-spring-3.19.0.jar;C:\Users\yessi\.m2\repository\org\springframework\spring-core\5.3.23\spring-core-5.3.23.jar;C:\Users\yessi\.m2\repository\org\springframework\spring-jcl\5.3.23\spring-jcl-5.3.23.jar;C:\Users\yessi\.m2\repository\org\springframework\spring-aop\5.3.23\spring-aop-5.3.23.jar;C:\Users\yessi\.m2\repository\org\springframework\spring-expression\5.3.23\spring-expression-5.3.23.jar;C:\Users\yessi\.m2\repository\org\springframework\spring-jms\5.3.23\spring-jms-5.3.23.jar;C:\Users\yessi\.m2\repository\org\springframework\spring-messaging\5.3.23\spring-messaging-5.3.23.jar;C:\Users\yessi\.m2\repository\org\springframework\spring-context\5.3.23\spring-context-5.3.23.jar;C:\Users\yessi\.m2\repository\org\springframework\spring-tx\5.3.23\spring-tx-5.3.23.jar;C:\Users\yessi\.m2\repository\org\springframework\spring-beans\5.3.23\spring-beans-5.3.23.jar;C:\Users\yessi\.m2\repository\org\apache\geronimo\specs\geronimo-jms_2.0_spec\1.0-alpha-2\geronimo-jms_2.0_spec-1.0-alpha-2.jar;C:\Users\yessi\.m2\repository\org\apache\camel\camel-timer\3.19.0\camel-timer-3.19.0.jar;C:\Users\yessi\.m2\repository\org\apache\activemq\artemis-jms-client\2.26.0\artemis-jms-client-2.26.0.jar;C:\Users\yessi\.m2\repository\org\apache\activemq\artemis-core-client\2.26.0\artemis-core-client-2.26.0.jar;C:\Users\yessi\.m2\repository\org\jgroups\jgroups\5.2.0.Final\jgroups-5.2.0.Final.jar;C:\Users\yessi\.m2\repository\io\netty\netty-transport-native-epoll\4.1.79.Final\netty-transport-native-epoll-4.1.79.Final-linux-x86_64.jar;C:\Users\yessi\.m2\repository\io\netty\netty-transport-native-unix-common\4.1.79.Final\netty-transport-native-unix-common-4.1.79.Final.jar;C:\Users\yessi\.m2\repository\io\netty\netty-transport-classes-epoll\4.1.79.Final\netty-transport-classes-epoll-4.1.79.Final.jar;C:\Users\yessi\.m2\repository\io\netty\netty-transport-native-kqueue\4.1.79.Final\netty-transport-native-kqueue-4.1.79.Final-osx-x86_64.jar;C:\Users\yessi\.m2\repository\io\netty\netty-transport-classes-kqueue\4.1.79.Final\netty-transport-classes-kqueue-4.1.79.Final.jar;C:\Users\yessi\.m2\repository\io\netty\netty-codec-http\4.1.79.Final\netty-codec-http-4.1.79.Final.jar;C:\Users\yessi\.m2\repository\io\netty\netty-buffer\4.1.79.Final\netty-buffer-4.1.79.Final.jar;C:\Users\yessi\.m2\repository\io\netty\netty-transport\4.1.79.Final\netty-transport-4.1.79.Final.jar;C:\Users\yessi\.m2\repository\io\netty\netty-resolver\4.1.79.Final\netty-resolver-4.1.79.Final.jar;C:\Users\yessi\.m2\repository\io\netty\netty-handler\4.1.79.Final\netty-handler-4.1.79.Final.jar;C:\Users\yessi\.m2\repository\io\netty\netty-handler-proxy\4.1.79.Final\netty-handler-proxy-4.1.79.Final.jar;C:\Users\yessi\.m2\repository\io\netty\netty-codec\4.1.79.Final\netty-codec-4.1.79.Final.jar;C:\Users\yessi\.m2\repository\io\netty\netty-codec-socks\4.1.79.Final\netty-codec-socks-4.1.79.Final.jar;C:\Users\yessi\.m2\repository\io\netty\netty-common\4.1.79.Final\netty-common-4.1.79.Final.jar;C:\Users\yessi\.m2\repository\org\apache\activemq\artemis-commons\2.26.0\artemis-commons-2.26.0.jar;C:\Users\yessi\.m2\repository\org\jboss\logging\jboss-logging\3.5.0.Final\jboss-logging-3.5.0.Final.jar;C:\Users\yessi\.m2\repository\commons-beanutils\commons-beanutils\1.9.4\commons-beanutils-1.9.4.jar;C:\Users\yessi\.m2\repository\commons-logging\commons-logging\1.2\commons-logging-1.2.jar;C:\Users\yessi\.m2\repository\commons-collections\commons-collections\3.2.2\commons-collections-3.2.2.jar;C:\Users\yessi\.m2\repository\org\apache\activemq\artemis-selector\2.26.0\artemis-selector-2.26.0.jar;C:\Users\yessi\.m2\repository\jakarta\jms\jakarta.jms-api\2.0.3\jakarta.jms-api-2.0.3.jar;C:\Users\yessi\.m2\repository\org\apache\logging\log4j\log4j-api\2.19.0\log4j-api-2.19.0.jar;C:\Users\yessi\.m2\repository\org\apache\logging\log4j\log4j-core\2.19.0\log4j-core-2.19.0.jar;C:\Users\yessi\.m2\repository\org\apache\logging\log4j\log4j-slf4j-impl\2.19.0\log4j-slf4j-impl-2.19.0.jar;C:\Users\yessi\.m2\repository\org\apache\logging\log4j\log4j-jul\2.19.0\log4j-jul-2.19.0.jar;C:\Users\yessi\.m2\repository\com\google\guava\guava\31.1-jre\guava-31.1-jre.jar;C:\Users\yessi\.m2\repository\com\google\guava\failureaccess\1.0.1\failureaccess-1.0.1.jar;C:\Users\yessi\.m2\repository\com\google\guava\listenablefuture\9999.0-empty-to-avoid-conflict-with-guava\listenablefuture-9999.0-empty-to-avoid-conflict-with-guava.jar;C:\Users\yessi\.m2\repository\com\google\code\findbugs\jsr305\3.0.2\jsr305-3.0.2.jar;C:\Users\yessi\.m2\repository\org\checkerframework\checker-qual\3.12.0\checker-qual-3.12.0.jar;C:\Users\yessi\.m2\repository\com\google\errorprone\error_prone_annotations\2.11.0\error_prone_annotations-2.11.0.jar;C:\Users\yessi\.m2\repository\com\google\j2objc\j2objc-annotations\1.3\j2objc-annotations-1.3.jar;C:\Users\yessi\.m2\repository\com\github\ben-manes\caffeine\caffeine\3.1.1\caffeine-3.1.1.jar;C:\Users\yessi\.m2\repository\org\apache\camel\camel-console\3.19.0\camel-console-3.19.0.jar;C:\Users\yessi\.m2\repository\org\apache\camel\camel-util-json\3.19.0\camel-util-json-3.19.0.jar;C:\Users\yessi\.m2\repository\org\apache\camel\camel-jackson\3.19.0\camel-jackson-3.19.0.jar;C:\Users\yessi\.m2\repository\com\fasterxml\jackson\core\jackson-databind\2.13.4\jackson-databind-2.13.4.jar;C:\Users\yessi\.m2\repository\com\fasterxml\jackson\core\jackson-annotations\2.13.4\jackson-annotations-2.13.4.jar;C:\Users\yessi\.m2\repository\com\fasterxml\jackson\core\jackson-core\2.13.4\jackson-core-2.13.4.jar;"/>
    <property name="sun.cpu.endian" value="little"/>
    <property name="user.home" value="C:\Users\yessi"/>
    <property name="user.language" value="fr"/>
    <property name="java.specification.vendor" value="Oracle Corporation"/>
    <property name="java.version.date" value="2022-01-18"/>
    <property name="java.home" value="C:\Program Files\Java\jdk-17.0.2"/>
    <property name="file.separator" value="\"/>
    <property name="basedir" value="C:\Users\yessi\OneDrive\Bureau\JAVA\PRESIDENT-L3"/>
    <property name="java.vm.compressedOopsMode" value="32-bit"/>
    <property name="line.separator" value="&#10;"/>
    <property name="java.vm.specification.vendor" value="Oracle Corporation"/>
    <property name="java.specification.name" value="Java Platform API Specification"/>
    <property name="surefire.real.class.path" value="C:\Users\yessi\AppData\Local\Temp\surefire7003113746906789919\surefirebooter4457275650145157451.jar"/>
    <property name="user.script" value=""/>
    <property name="sun.management.compiler" value="HotSpot 64-Bit Tiered Compilers"/>
    <property name="java.runtime.version" value="17.0.2+8-LTS-86"/>
    <property name="user.name" value="yessi"/>
    <property name="path.separator" value=";"/>
    <property name="os.version" value="10.0"/>
    <property name="java.runtime.name" value="Java(TM) SE Runtime Environment"/>
    <property name="file.encoding" value="Cp1252"/>
    <property name="java.vm.name" value="Java HotSpot(TM) 64-Bit Server VM"/>
    <property name="localRepository" value="C:\Users\yessi\.m2\repository"/>
    <property name="java.vendor.url.bug" value="https://bugreport.java.com/bugreport/"/>
    <property name="java.io.tmpdir" value="C:\Users\yessi\AppData\Local\Temp\"/>
    <property name="java.version" value="17.0.2"/>
    <property name="user.dir" value="C:\Users\yessi\OneDrive\Bureau\JAVA\PRESIDENT-L3"/>
    <property name="os.arch" value="amd64"/>
    <property name="java.vm.specification.name" value="Java Virtual Machine Specification"/>
    <property name="sun.os.patch.level" value=""/>
    <property name="native.encoding" value="Cp1252"/>
    <property name="java.library.path" value="C:\Program Files\Java\jdk-17.0.2\bin;C:\Windows\Sun\Java\bin;C:\Windows\system32;C:\Windows;C:\Program Files\Common Files\Oracle\Java\javapath;C:\Windows\system32;C:\Windows;C:\Windows\System32\Wbem;C:\Windows\System32\WindowsPowerShell\v1.0\;C:\Windows\System32\OpenSSH\;C:\ProgramData\chocolatey\bin;C:\ProgramData\chocolatey\lib\maven\apache-maven-3.8.6\bin;C:\Program Files\Microsoft VS Code\bin;C:\Program Files\Git\cmd;C:\Users\yessi\AppData\Local\Programs\Python\Python310\Scripts\;C:\Users\yessi\AppData\Local\Programs\Python\Python310\;C:\Users\yessi\AppData\Local\Microsoft\WindowsApps;C:\tools\msys64;C:\msys64\mingw64\bin;C:\msys64\usr\bin;C:\Users\yessi\AppData\Local\GitHubDesktop\bin;."/>
    <property name="java.vm.info" value="mixed mode, sharing"/>
    <property name="java.vendor" value="Oracle Corporation"/>
    <property name="java.vm.version" value="17.0.2+8-LTS-86"/>
    <property name="sun.io.unicode.encoding" value="UnicodeLittle"/>
    <property name="java.class.version" value="61.0"/>
  </properties>
  <testcase name="getPlayerWithQueenOFHeart" classname="fr.pantheonsorbonne.miage.AppTest" time="0.08"/>
  <testcase name="getNextPlayer" classname="fr.pantheonsorbonne.miage.AppTest" time="0"/>
  <testcase name="getWorstCardsFromPlayer" classname="fr.pantheonsorbonne.miage.AppTest" time="0.001"/>
  <testcase name="shouldAnswerWithTrue" classname="fr.pantheonsorbonne.miage.AppTest" time="0.002"/>
  <testcase name="getRandomCards" classname="fr.pantheonsorbonne.miage.AppTest" time="0.003"/>
  <testcase name="ifPair" classname="fr.pantheonsorbonne.miage.AppTest" time="0.001"/>
  <testcase name="getViceTrou" classname="fr.pantheonsorbonne.miage.AppTest" time="0.003"/>
  <testcase name="giveCardsToPlayer" classname="fr.pantheonsorbonne.miage.AppTest" time="0.005"/>
  <testcase name="declareWinner" classname="fr.pantheonsorbonne.miage.AppTest" time="0.002">
    <system-out><![CDATA[J1 has won!
]]></system-out>
  </testcase>
  <testcase name="getPresident" classname="fr.pantheonsorbonne.miage.AppTest" time="0.001"/>
  <testcase name="contient" classname="fr.pantheonsorbonne.miage.AppTest" time="0"/>
  <testcase name="getFirstParty" classname="fr.pantheonsorbonne.miage.AppTest" time="0"/>
  <testcase name="addFinishedPlayer" classname="fr.pantheonsorbonne.miage.AppTest" time="0"/>
  <testcase name="cardCarre" classname="fr.pantheonsorbonne.miage.AppTest" time="0"/>
  <testcase name="playerPlayCards1" classname="fr.pantheonsorbonne.miage.AppTest" time="0.001"/>
  <testcase name="playerPlayCards2" classname="fr.pantheonsorbonne.miage.AppTest" time="0.002"/>
  <testcase name="playerPlayCards3" classname="fr.pantheonsorbonne.miage.AppTest" time="0.001"/>
  <testcase name="playerPlayCards4" classname="fr.pantheonsorbonne.miage.AppTest" time="0.001"/>
  <testcase name="getRole" classname="fr.pantheonsorbonne.miage.AppTest" time="0.001"/>
  <testcase name="getTrou" classname="fr.pantheonsorbonne.miage.AppTest" time="0.001"/>
  <testcase name="cardPair" classname="fr.pantheonsorbonne.miage.AppTest" time="0"/>
  <testcase name="getCurrentPlayerCount" classname="fr.pantheonsorbonne.miage.AppTest" time="0"/>
  <testcase name="cardBrelon" classname="fr.pantheonsorbonne.miage.AppTest" time="0.001"/>
  <testcase name="getVicePresident" classname="fr.pantheonsorbonne.miage.AppTest" time="0.002"/>
  <testcase name="valueOf" classname="fr.pantheonsorbonne.miage.AppTest" time="0"/>
  <testcase name="ifBrelon" classname="fr.pantheonsorbonne.miage.AppTest" time="0"/>
  <testcase name="getInitialPlayers" classname="fr.pantheonsorbonne.miage.AppTest" time="0"/>
  <testcase name="playerPlayCards" classname="fr.pantheonsorbonne.miage.AppTest" time="0"/>
  <testcase name="getWinner" classname="fr.pantheonsorbonne.miage.AppTest" time="0.001"/>
  <testcase name="getBestCardsFromPlayer" classname="fr.pantheonsorbonne.miage.AppTest" time="0"/>
  <testcase name="ifCarre" classname="fr.pantheonsorbonne.miage.AppTest" time="0"/>
</testsuite>